<?xml version="1.0" encoding="UTF-8" ?>
<testsuite errors="0" failures="0" hostname="cagrid02.lab.ac.uab.edu" name="edu.wustl.catissuecore.bizlogic.test.CaTissueTestSuite" tests="1" time="5.352" timestamp="2010-02-27T22:46:08">
  <properties>
    <property name="java.runtime.name" value="Java(TM) 2 Runtime Environment, Standard Edition" />
    <property name="cobertura.dir" value="./classes/reports/coverage" />
    <property name="sun.boot.library.path" value="/usr/java/jdk1.5.0_10/jre/lib/i386" />
    <property name="java.vm.version" value="1.5.0_10-b03" />
    <property name="ant.library.dir" value="/opt/apache-ant-1.7.0/lib" />
    <property name="project.src" value="../WEB-INF/classes/" />
    <property name="ant.version" value="Apache Ant version 1.7.0 compiled on December 13 2006" />
    <property name="ant.java.version" value="1.5" />
    <property name="java.vm.vendor" value="Sun Microsystems Inc." />
    <property name="java.vendor.url" value="http://java.sun.com/" />
    <property name="path.separator" value=":" />
    <property name="java.vm.name" value="Java HotSpot(TM) Client VM" />
    <property name="file.encoding.pkg" value="sun.io" />
    <property name="user.country" value="US" />
    <property name="sun.os.patch.level" value="unknown" />
    <property name="test.class.dir" value="./classes/edu/wustl/catissuecore/bizlogic/test" />
    <property name="java.vm.specification.name" value="Java Virtual Machine Specification" />
    <property name="user.dir" value="/home/catissue/src/bsp-data-migration" />
    <property name="java.runtime.version" value="1.5.0_10-b03" />
    <property name="java.awt.graphicsenv" value="sun.awt.X11GraphicsEnvironment" />
    <property name="basedir" value="/home/catissue/src/bsp-data-migration" />
    <property name="java.endorsed.dirs" value="/usr/java/jdk1.5.0_10/jre/lib/endorsed" />
    <property name="os.arch" value="i386" />
    <property name="java.io.tmpdir" value="/tmp" />
    <property name="ant.core.lib" value="/opt/apache-ant-1.7.0/lib/ant.jar" />
    <property name="line.separator" value="
" />
    <property name="java.vm.specification.vendor" value="Sun Microsystems Inc." />
    <property name="os.name" value="Linux" />
    <property name="ant.home" value="/opt/apache-ant-1.7.0" />
    <property name="net.sourceforge.cobertura.datafile" value="/home/catissue/src/bsp-data-migration/classes/reports/coverage/coverage.ser" />
    <property name="test.src.dir" value="./src" />
    <property name="ant.project.name" value="caTissueSuite Client" />
    <property name="sun.jnu.encoding" value="UTF-8" />
    <property name="java.library.path" value="/usr/java/jdk1.5.0_10/jre/lib/i386/client:/usr/java/jdk1.5.0_10/jre/lib/i386:/usr/java/jdk1.5.0_10/jre/../lib/i386" />
    <property name="base.dir" value="." />
    <property name="java.class.version" value="49.0" />
    <property name="ant.file.caTissueSuite Client" value="/home/catissue/src/bsp-data-migration/build.xml" />
    <property name="java.specification.name" value="Java Platform API Specification" />
    <property name="lib.dir" value="lib" />
    <property name="sun.management.compiler" value="HotSpot Client Compiler" />
    <property name="os.version" value="2.6.9-89.0.20.ELsmp" />
    <property name="ant.file" value="/home/catissue/src/bsp-data-migration/build.xml" />
    <property name="user.home" value="/home/catissue" />
    <property name="user.timezone" value="" />
    <property name="java.awt.printerjob" value="sun.print.PSPrinterJob" />
    <property name="java.specification.version" value="1.5" />
    <property name="file.encoding" value="UTF-8" />
    <property name="user.name" value="catissue" />
    <property name="java.class.path" value="/home/catissue/src/bsp-data-migration/conf:/home/catissue/src/bsp-data-migration/lib/AdvanceQuery.jar:/home/catissue/src/bsp-data-migration/lib/DAO-1.1.3.jar:/home/catissue/src/bsp-data-migration/lib/SimpleQuery-1.1.3.jar:/home/catissue/src/bsp-data-migration/lib/activation.jar:/home/catissue/src/bsp-data-migration/lib/aspectjrt.jar:/home/catissue/src/bsp-data-migration/lib/axis.jar:/home/catissue/src/bsp-data-migration/lib/bulkoperator.jar:/home/catissue/src/bsp-data-migration/lib/castor-0.9.9.jar:/home/catissue/src/bsp-data-migration/lib/catissuecore-client.jar:/home/catissue/src/bsp-data-migration/lib/catissuecore.jar:/home/catissue/src/bsp-data-migration/lib/cglib-full-2.0.1.jar:/home/catissue/src/bsp-data-migration/lib/commonpackage-1.1.3.jar:/home/catissue/src/bsp-data-migration/lib/commons-codec-1.3.jar:/home/catissue/src/bsp-data-migration/lib/commons-discovery-0.2.jar:/home/catissue/src/bsp-data-migration/lib/commons-httpclient-3.0.1.jar:/home/catissue/src/bsp-data-migration/lib/commons-logging.jar:/home/catissue/src/bsp-data-migration/lib/hibernate3.jar:/home/catissue/src/bsp-data-migration/lib/jaxrpc.jar:/home/catissue/src/bsp-data-migration/lib/junit-4.1.jar:/home/catissue/src/bsp-data-migration/lib/log4j.jar:/home/catissue/src/bsp-data-migration/lib/mail.jar:/home/catissue/src/bsp-data-migration/lib/minimalDataSharing-client.jar:/home/catissue/src/bsp-data-migration/lib/odmg.jar:/home/catissue/src/bsp-data-migration/lib/opencsv-1.8.jar:/home/catissue/src/bsp-data-migration/lib/poi-3.0.2-FINAL-20080204.jar:/home/catissue/src/bsp-data-migration/lib/saaj.jar:/home/catissue/src/bsp-data-migration/lib/securityManager-1.1.3.jar:/home/catissue/src/bsp-data-migration/lib/spring-richclient.jar:/home/catissue/src/bsp-data-migration/lib/spring.jar:/home/catissue/src/bsp-data-migration/lib/struts.jar:/home/catissue/src/bsp-data-migration/lib/washu-commons-1.1.3.jar:/home/catissue/src/bsp-data-migration/lib/wsdl4j-1.5.1.jar:/home/catissue/src/bsp-data-migration/lib/xalan-2.4.0.jar:/home/catissue/src/bsp-data-migration/lib/xalan.jar:/home/catissue/src/bsp-data-migration/lib/xercesImpl.jar:/home/catissue/src/bsp-data-migration/lib/xml-apis.jar:/home/catissue/src/bsp-data-migration/src:/home/catissue/src/bsp-data-migration/classes:/opt/apache-ant-1.7.0/lib/ant-launcher.jar:/opt/apache-ant-1.7.0/lib/ant.jar:/opt/apache-ant-1.7.0/lib/ant-junit.jar" />
    <property name="report.dir" value="." />
    <property name="project.src.domain" value="../WEB-INF/src/edu/wustl/catissuecore/domain/" />
    <property name="java.vm.specification.version" value="1.0" />
    <property name="conf.dir" value="conf" />
    <property name="sun.arch.data.model" value="32" />
    <property name="java.home" value="/usr/java/jdk1.5.0_10/jre" />
    <property name="java.specification.vendor" value="Sun Microsystems Inc." />
    <property name="user.language" value="en" />
    <property name="java.vm.info" value="mixed mode, sharing" />
    <property name="java.version" value="1.5.0_10" />
    <property name="java.ext.dirs" value="/usr/java/jdk1.5.0_10/jre/lib/ext" />
    <property name="target.dir" value="./classes" />
    <property name="sun.boot.class.path" value="/usr/java/jdk1.5.0_10/jre/lib/rt.jar:/usr/java/jdk1.5.0_10/jre/lib/i18n.jar:/usr/java/jdk1.5.0_10/jre/lib/sunrsasign.jar:/usr/java/jdk1.5.0_10/jre/lib/jsse.jar:/usr/java/jdk1.5.0_10/jre/lib/jce.jar:/usr/java/jdk1.5.0_10/jre/lib/charsets.jar:/usr/java/jdk1.5.0_10/jre/classes" />
    <property name="java.vendor" value="Sun Microsystems Inc." />
    <property name="file.separator" value="/" />
    <property name="java.vendor.url.bug" value="http://java.sun.com/cgi-bin/bugreport.cgi" />
    <property name="src.dir" value="." />
    <property name="sun.cpu.endian" value="little" />
    <property name="sun.io.unicode.encoding" value="UnicodeLittle" />
    <property name="test.classes.dir" value="./classes" />
    <property name="sun.cpu.isalist" value="" />
  </properties>
  <testcase classname="edu.wustl.catissuecore.bizlogic.test.ExcelDataMigrationTestCase" name="testRegisterPart" time="5.191" />
  <system-out><![CDATA[ERROR 16:46:08,600 (ApplicationServiceProvider) - Fatal Error in Initailizing Either Client or Server Implementation of Application Service
 INFO 16:46:08,609 (ApplicationServiceClientImpl) - RECORDSPERQUERY property found : 1000
 INFO 16:46:08,610 (ApplicationServiceClientImpl) - MAXRECORDSPERQUERY property found : 5000
 INFO 16:46:08,660 (XmlBeanDefinitionReader) - Loading XML bean definitions from class path resource [remoteService.xml]
 INFO 16:46:08,737 (AbstractRefreshableApplicationContext) - Bean factory for application context [org.springframework.context.support.ClassPathXmlApplicationContext;hashCode=23025815]: org.springframework.beans.factory.support.DefaultListableBeanFactory defining beans [remoteService]; root of BeanFactory hierarchy
 INFO 16:46:08,743 (AbstractApplicationContext) - 1 beans defined in application context [org.springframework.context.support.ClassPathXmlApplicationContext;hashCode=23025815]
 INFO 16:46:08,745 (CollectionFactory) - JDK 1.4+ collections available
 INFO 16:46:08,748 (AbstractApplicationContext) - Unable to locate MessageSource with name 'messageSource': using default [org.springframework.context.support.DelegatingMessageSource@1386000]
 INFO 16:46:08,750 (AbstractApplicationContext) - Unable to locate ApplicationEventMulticaster with name 'applicationEventMulticaster': using default [org.springframework.context.event.SimpleApplicationEventMulticaster@1662dc8]
 INFO 16:46:08,751 (DefaultListableBeanFactory) - Pre-instantiating singletons in factory [org.springframework.beans.factory.support.DefaultListableBeanFactory defining beans [remoteService]; root of BeanFactory hierarchy]
 INFO 16:46:08,753 (AbstractBeanFactory) - Creating shared instance of singleton bean 'remoteService'
 INFO 16:46:08,883 (DefaultAopProxyFactory) - CGLIB2 available: proxyTargetClass feature enabled
 INFO 16:46:08,908 (ApplicationServiceClientImpl) - RECORDSPERQUERY property found : 1000
 INFO 16:46:08,909 (ApplicationServiceClientImpl) - MAXRECORDSPERQUERY property found : 5000
 INFO 16:46:08,912 (ClientSession) - JVM/Classloader level security policy defined in CORESystem.properties file. Switching security policy to JVM/Classloader
 INFO 16:46:08,913 (XmlBeanDefinitionReader) - Loading XML bean definitions from class path resource [remoteService.xml]
 INFO 16:46:08,924 (AbstractRefreshableApplicationContext) - Bean factory for application context [org.springframework.context.support.ClassPathXmlApplicationContext;hashCode=6183504]: org.springframework.beans.factory.support.DefaultListableBeanFactory defining beans [remoteService]; root of BeanFactory hierarchy
 INFO 16:46:08,925 (AbstractApplicationContext) - 1 beans defined in application context [org.springframework.context.support.ClassPathXmlApplicationContext;hashCode=6183504]
 INFO 16:46:08,925 (AbstractApplicationContext) - Unable to locate MessageSource with name 'messageSource': using default [org.springframework.context.support.DelegatingMessageSource@1b9240e]
 INFO 16:46:08,927 (AbstractApplicationContext) - Unable to locate ApplicationEventMulticaster with name 'applicationEventMulticaster': using default [org.springframework.context.event.SimpleApplicationEventMulticaster@1ee4648]
 INFO 16:46:08,927 (DefaultListableBeanFactory) - Pre-instantiating singletons in factory [org.springframework.beans.factory.support.DefaultListableBeanFactory defining beans [remoteService]; root of BeanFactory hierarchy]
 INFO 16:46:08,927 (AbstractBeanFactory) - Creating shared instance of singleton bean 'remoteService'
---------START ExcelTestCaseUtility.registerParticipants----------
user.dir  /home/catissue/src/bsp-data-migration
START Excel file ReaderConstructor
END Excel file ReaderConstructor
---------START ExcelFileReader.setInfo()---------
No of rows ---2
No of columns----25
excel length 3
---------END ExcelFileReader.setInfo()---------
---------START DataMigrationUtil.writeToCaTissue()---------
Total no. of rows: 2
----------START Processing for row number 1---------------
---------START ImportParticipant.initParticipant()---------
lastname=Davis firstname=Jolie middlename= dob=10-31-1982 gender=F hospitalOR=UAH medrecno=1643903 race=Caucasian
 WARN 16:46:09,238 (LoggerConfig) - Application specific logger configuration is not done. Please use Logger.configureLogger(path) before using getLogger()
Date from excel is: 10-31-1982 Converted Date is Sun Oct 31 00:00:00 CDT 1982
---------START ImportSite.getSite()---------
 WARN 16:46:09,244 (LoggerConfig) - Application specific logger configuration is not done. Please use Logger.configureLogger(path) before using getLogger()
Searching Domain Object........
 WARN 16:46:09,375 (LoggerConfig) - Application specific logger configuration is not done. Please use Logger.configureLogger(path) before using getLogger()
 Domain Object is successfully Found ---->  :: UAH 4 Collection Site
---------END ImportSite.getSite()---------
---------START ImportCPR.registerParticipantToCP()---------
---------START ImportCPR.initCPR()---------
 WARN 16:46:09,386 (LoggerConfig) - Application specific logger configuration is not done. Please use Logger.configureLogger(path) before using getLogger()
 WARN 16:46:09,391 (LoggerConfig) - Application specific logger configuration is not done. Please use Logger.configureLogger(path) before using getLogger()
 WARN 16:46:09,391 (LoggerConfig) - Application specific logger configuration is not done. Please use Logger.configureLogger(path) before using getLogger()
Searching Domain Object........
 WARN 16:46:09,428 (LoggerConfig) - Application specific logger configuration is not done. Please use Logger.configureLogger(path) before using getLogger()
Domain Object found is ---->  :: Import Brain SPORE,1,import-bsp
CP is Import Brain SPORE
Date from excel is: 01-12-2000 Converted Date is Wed Jan 12 00:00:00 CST 2000
********Consent Tier Collection is not null
---------START ImportSCG.createSCG()---------
 WARN 16:46:09,449 (LoggerConfig) - Application specific logger configuration is not done. Please use Logger.configureLogger(path) before using getLogger()
---------END ImportSCG.createSCG()---------
Returned CPR is: edu.wustl.catissuecore.domain.CollectionProtocolRegistration@15a6029
---------END ImportCPR.initCPR()---------
 WARN 16:46:09,602 (LoggerConfig) - Application specific logger configuration is not done. Please use Logger.configureLogger(path) before using getLogger()
 WARN 16:46:09,611 (LoggerConfig) - Application specific logger configuration is not done. Please use Logger.configureLogger(path) before using getLogger()
 WARN 16:46:09,616 (LoggerConfig) - Application specific logger configuration is not done. Please use Logger.configureLogger(path) before using getLogger()
 WARN 16:46:09,622 (LoggerConfig) - Application specific logger configuration is not done. Please use Logger.configureLogger(path) before using getLogger()
Object created successfully
Participant Added successfully .. id is 11First Name is: Jolie Last Name is: Davis
---------START ImportCPR.registerParticipantToCP()---------
---------START ImportParticipant.getParticipantSCG()---------
---------END ImportParticipant.getParticipantSCG()---------
---------START ImportSCG.updateSCG()---------
---------START ImportSite.getSite()---------
Searching Domain Object........
 Domain Object is successfully Found ---->  :: UAH 4 Collection Site
---------END ImportSite.getSite()---------
---------START ImportSpecimenEventParameters.addCEP()---------
Date from excel is: 01-12-2000 Converted Date is Wed Jan 12 00:00:00 CST 2000
---------END ImportSpecimenEventParameters.addCEP()---------
---------START ImportSpecimenEventParameters.addREP()---------
Date from excel is: 11-14-2002 Converted Date is Thu Nov 14 00:00:00 CST 2002
---------END ImportSpecimenEventParameters.addREP()---------
Specimen Collection Status: true
---------END ImportSCG.updateSCG()---------
---------START ImportSpecimen.addSpecimens()---------
lnvial = 30
Inside tissuespecimen
 WARN 16:46:10,217 (LoggerConfig) - Application specific logger configuration is not done. Please use Logger.configureLogger(path) before using getLogger()
 WARN 16:46:10,218 (LoggerConfig) - Application specific logger configuration is not done. Please use Logger.configureLogger(path) before using getLogger()
Setting parameters
Date from excel is: 01-12-2000 Converted Date is Wed Jan 12 00:00:00 CST 2000
Date from excel is: 11-14-2002 Converted Date is Thu Nov 14 00:00:00 CST 2002
Before Creating Parent Tissue Specimen
Spec:000101005-New
 Parent Cell Domain Object is successfully added ---->    ID:: 182
 Parent Cell Domain Object is successfully added ---->    Name:: 000101005-New
Inside tissuespecimen
Setting parameters
Date from excel is: 01-12-2000 Converted Date is Wed Jan 12 00:00:00 CST 2000
Date from excel is: 11-14-2002 Converted Date is Thu Nov 14 00:00:00 CST 2002
Before Creating Derived Tissue Specimen
Spec:000101005-Derived
 Derived Domain Object is successfully added ---->    ID:: 183
 Derived Domain Object is successfully added ---->    Name:: 000101005-Derived
total no aliquots to be created = 30
Inside tissuespecimen
Setting parameters
Date from excel is: 01-12-2000 Converted Date is Wed Jan 12 00:00:00 CST 2000
Date from excel is: 11-14-2002 Converted Date is Thu Nov 14 00:00:00 CST 2002
Befor creating Aliquot Cell Specimen:1
Spec:000101005-01
Inside tissuespecimen
Setting parameters
Date from excel is: 01-12-2000 Converted Date is Wed Jan 12 00:00:00 CST 2000
Date from excel is: 11-14-2002 Converted Date is Thu Nov 14 00:00:00 CST 2002
Befor creating Aliquot Cell Specimen:2
Spec:000101005-02
Inside tissuespecimen
Setting parameters
Date from excel is: 01-12-2000 Converted Date is Wed Jan 12 00:00:00 CST 2000
Date from excel is: 11-14-2002 Converted Date is Thu Nov 14 00:00:00 CST 2002
Befor creating Aliquot Cell Specimen:3
Spec:000101005-03
Inside tissuespecimen
Setting parameters
Date from excel is: 01-12-2000 Converted Date is Wed Jan 12 00:00:00 CST 2000
Date from excel is: 11-14-2002 Converted Date is Thu Nov 14 00:00:00 CST 2002
Befor creating Aliquot Cell Specimen:4
Spec:000101005-04
Inside tissuespecimen
Setting parameters
Date from excel is: 01-12-2000 Converted Date is Wed Jan 12 00:00:00 CST 2000
Date from excel is: 11-14-2002 Converted Date is Thu Nov 14 00:00:00 CST 2002
Befor creating Aliquot Cell Specimen:5
Spec:000101005-05
Inside tissuespecimen
Setting parameters
Date from excel is: 01-12-2000 Converted Date is Wed Jan 12 00:00:00 CST 2000
Date from excel is: 11-14-2002 Converted Date is Thu Nov 14 00:00:00 CST 2002
Befor creating Aliquot Cell Specimen:6
Spec:000101005-06
Inside tissuespecimen
Setting parameters
Date from excel is: 01-12-2000 Converted Date is Wed Jan 12 00:00:00 CST 2000
Date from excel is: 11-14-2002 Converted Date is Thu Nov 14 00:00:00 CST 2002
Befor creating Aliquot Cell Specimen:7
Spec:000101005-07
Inside tissuespecimen
Setting parameters
Date from excel is: 01-12-2000 Converted Date is Wed Jan 12 00:00:00 CST 2000
Date from excel is: 11-14-2002 Converted Date is Thu Nov 14 00:00:00 CST 2002
Befor creating Aliquot Cell Specimen:8
Spec:000101005-08
Inside tissuespecimen
Setting parameters
Date from excel is: 01-12-2000 Converted Date is Wed Jan 12 00:00:00 CST 2000
Date from excel is: 11-14-2002 Converted Date is Thu Nov 14 00:00:00 CST 2002
Befor creating Aliquot Cell Specimen:9
Spec:000101005-09
Inside tissuespecimen
Setting parameters
Date from excel is: 01-12-2000 Converted Date is Wed Jan 12 00:00:00 CST 2000
Date from excel is: 11-14-2002 Converted Date is Thu Nov 14 00:00:00 CST 2002
Befor creating Aliquot Cell Specimen:10
Spec:000101005-10
Inside tissuespecimen
Setting parameters
Date from excel is: 01-12-2000 Converted Date is Wed Jan 12 00:00:00 CST 2000
Date from excel is: 11-14-2002 Converted Date is Thu Nov 14 00:00:00 CST 2002
Befor creating Aliquot Cell Specimen:11
Spec:000101005-11
Inside tissuespecimen
Setting parameters
Date from excel is: 01-12-2000 Converted Date is Wed Jan 12 00:00:00 CST 2000
Date from excel is: 11-14-2002 Converted Date is Thu Nov 14 00:00:00 CST 2002
Befor creating Aliquot Cell Specimen:12
Spec:000101005-12
Inside tissuespecimen
Setting parameters
Date from excel is: 01-12-2000 Converted Date is Wed Jan 12 00:00:00 CST 2000
Date from excel is: 11-14-2002 Converted Date is Thu Nov 14 00:00:00 CST 2002
Befor creating Aliquot Cell Specimen:13
Spec:000101005-13
Inside tissuespecimen
Setting parameters
Date from excel is: 01-12-2000 Converted Date is Wed Jan 12 00:00:00 CST 2000
Date from excel is: 11-14-2002 Converted Date is Thu Nov 14 00:00:00 CST 2002
Befor creating Aliquot Cell Specimen:14
Spec:000101005-14
Inside tissuespecimen
Setting parameters
Date from excel is: 01-12-2000 Converted Date is Wed Jan 12 00:00:00 CST 2000
Date from excel is: 11-14-2002 Converted Date is Thu Nov 14 00:00:00 CST 2002
Befor creating Aliquot Cell Specimen:15
Spec:000101005-15
Inside tissuespecimen
Setting parameters
Date from excel is: 01-12-2000 Converted Date is Wed Jan 12 00:00:00 CST 2000
Date from excel is: 11-14-2002 Converted Date is Thu Nov 14 00:00:00 CST 2002
Befor creating Aliquot Cell Specimen:16
Spec:000101005-16
Inside tissuespecimen
Setting parameters
Date from excel is: 01-12-2000 Converted Date is Wed Jan 12 00:00:00 CST 2000
Date from excel is: 11-14-2002 Converted Date is Thu Nov 14 00:00:00 CST 2002
Befor creating Aliquot Cell Specimen:17
Spec:000101005-17
Inside tissuespecimen
Setting parameters
Date from excel is: 01-12-2000 Converted Date is Wed Jan 12 00:00:00 CST 2000
Date from excel is: 11-14-2002 Converted Date is Thu Nov 14 00:00:00 CST 2002
Befor creating Aliquot Cell Specimen:18
Spec:000101005-18
Inside tissuespecimen
Setting parameters
Date from excel is: 01-12-2000 Converted Date is Wed Jan 12 00:00:00 CST 2000
Date from excel is: 11-14-2002 Converted Date is Thu Nov 14 00:00:00 CST 2002
Befor creating Aliquot Cell Specimen:19
Spec:000101005-19
Inside tissuespecimen
Setting parameters
Date from excel is: 01-12-2000 Converted Date is Wed Jan 12 00:00:00 CST 2000
Date from excel is: 11-14-2002 Converted Date is Thu Nov 14 00:00:00 CST 2002
Befor creating Aliquot Cell Specimen:20
Spec:000101005-20
Inside tissuespecimen
Setting parameters
Date from excel is: 01-12-2000 Converted Date is Wed Jan 12 00:00:00 CST 2000
Date from excel is: 11-14-2002 Converted Date is Thu Nov 14 00:00:00 CST 2002
Befor creating Aliquot Cell Specimen:21
Spec:000101005-21
Inside tissuespecimen
Setting parameters
Date from excel is: 01-12-2000 Converted Date is Wed Jan 12 00:00:00 CST 2000
Date from excel is: 11-14-2002 Converted Date is Thu Nov 14 00:00:00 CST 2002
Befor creating Aliquot Cell Specimen:22
Spec:000101005-22
Inside tissuespecimen
Setting parameters
Date from excel is: 01-12-2000 Converted Date is Wed Jan 12 00:00:00 CST 2000
Date from excel is: 11-14-2002 Converted Date is Thu Nov 14 00:00:00 CST 2002
Befor creating Aliquot Cell Specimen:23
Spec:000101005-23
Inside tissuespecimen
Setting parameters
Date from excel is: 01-12-2000 Converted Date is Wed Jan 12 00:00:00 CST 2000
Date from excel is: 11-14-2002 Converted Date is Thu Nov 14 00:00:00 CST 2002
Befor creating Aliquot Cell Specimen:24
Spec:000101005-24
Inside tissuespecimen
Setting parameters
Date from excel is: 01-12-2000 Converted Date is Wed Jan 12 00:00:00 CST 2000
Date from excel is: 11-14-2002 Converted Date is Thu Nov 14 00:00:00 CST 2002
Befor creating Aliquot Cell Specimen:25
Spec:000101005-25
Inside tissuespecimen
Setting parameters
Date from excel is: 01-12-2000 Converted Date is Wed Jan 12 00:00:00 CST 2000
Date from excel is: 11-14-2002 Converted Date is Thu Nov 14 00:00:00 CST 2002
Befor creating Aliquot Cell Specimen:26
Spec:000101005-26
Inside tissuespecimen
Setting parameters
Date from excel is: 01-12-2000 Converted Date is Wed Jan 12 00:00:00 CST 2000
Date from excel is: 11-14-2002 Converted Date is Thu Nov 14 00:00:00 CST 2002
Befor creating Aliquot Cell Specimen:27
Spec:000101005-27
Inside tissuespecimen
Setting parameters
Date from excel is: 01-12-2000 Converted Date is Wed Jan 12 00:00:00 CST 2000
Date from excel is: 11-14-2002 Converted Date is Thu Nov 14 00:00:00 CST 2002
Befor creating Aliquot Cell Specimen:28
Spec:000101005-28
Inside tissuespecimen
Setting parameters
Date from excel is: 01-12-2000 Converted Date is Wed Jan 12 00:00:00 CST 2000
Date from excel is: 11-14-2002 Converted Date is Thu Nov 14 00:00:00 CST 2002
Befor creating Aliquot Cell Specimen:29
Spec:000101005-29
Inside tissuespecimen
Setting parameters
Date from excel is: 01-12-2000 Converted Date is Wed Jan 12 00:00:00 CST 2000
Date from excel is: 11-14-2002 Converted Date is Thu Nov 14 00:00:00 CST 2002
Befor creating Aliquot Cell Specimen:30
Spec:000101005-30
---------END ImportSpecimen.addSpecimens()---------
----------END Processing for row number 1---------------
---------END DataMigrationUtil.writeToCaTissue()---------
---------END ExcelTestCaseUtility.registerParticipant-----------
]]></system-out>
  <system-err><![CDATA[log4j:ERROR setFile(null,true) call failed.
java.io.FileNotFoundException: /server/default/log/query.log (Permission denied)
	at java.io.FileOutputStream.openAppend(Native Method)
	at java.io.FileOutputStream.<init>(FileOutputStream.java:177)
	at java.io.FileOutputStream.<init>(FileOutputStream.java:102)
	at org.apache.log4j.FileAppender.setFile(FileAppender.java:289)
	at org.apache.log4j.RollingFileAppender.setFile(RollingFileAppender.java:167)
	at org.apache.log4j.FileAppender.activateOptions(FileAppender.java:163)
	at org.apache.log4j.config.PropertySetter.activate(PropertySetter.java:256)
	at org.apache.log4j.config.PropertySetter.setProperties(PropertySetter.java:132)
	at org.apache.log4j.config.PropertySetter.setProperties(PropertySetter.java:96)
	at org.apache.log4j.PropertyConfigurator.parseAppender(PropertyConfigurator.java:654)
	at org.apache.log4j.PropertyConfigurator.parseCategory(PropertyConfigurator.java:612)
	at org.apache.log4j.PropertyConfigurator.parseCatsAndRenderers(PropertyConfigurator.java:533)
	at org.apache.log4j.PropertyConfigurator.doConfigure(PropertyConfigurator.java:417)
	at org.apache.log4j.PropertyConfigurator.doConfigure(PropertyConfigurator.java:441)
	at org.apache.log4j.helpers.OptionConverter.selectAndConfigure(OptionConverter.java:470)
	at org.apache.log4j.LogManager.<clinit>(LogManager.java:122)
	at org.apache.log4j.Logger.getLogger(Logger.java:104)
	at gov.nih.nci.system.applicationservice.ApplicationServiceProvider.<clinit>(ApplicationServiceProvider.java:18)
	at edu.wustl.catissuecore.bizlogic.test.CaTissueBaseTestCase.setUp(Unknown Source)
	at junit.framework.TestCase.runBare(TestCase.java:128)
	at junit.framework.TestResult$1.protect(TestResult.java:110)
	at junit.framework.TestResult.runProtected(TestResult.java:128)
	at junit.framework.TestResult.run(TestResult.java:113)
	at junit.framework.TestCase.run(TestCase.java:120)
	at junit.framework.TestSuite.runTest(TestSuite.java:228)
	at junit.framework.TestSuite.run(TestSuite.java:223)
	at junit.framework.TestSuite.runTest(TestSuite.java:228)
	at junit.framework.TestSuite.run(TestSuite.java:223)
	at org.apache.tools.ant.taskdefs.optional.junit.JUnitTestRunner.run(JUnitTestRunner.java:421)
	at org.apache.tools.ant.taskdefs.optional.junit.JUnitTestRunner.launch(JUnitTestRunner.java:912)
	at org.apache.tools.ant.taskdefs.optional.junit.JUnitTestRunner.main(JUnitTestRunner.java:766)
log4j:ERROR setFile(null,true) call failed.
java.io.FileNotFoundException: /server/default/log/hibernatesql.log (Permission denied)
	at java.io.FileOutputStream.openAppend(Native Method)
	at java.io.FileOutputStream.<init>(FileOutputStream.java:177)
	at java.io.FileOutputStream.<init>(FileOutputStream.java:102)
	at org.apache.log4j.FileAppender.setFile(FileAppender.java:289)
	at org.apache.log4j.RollingFileAppender.setFile(RollingFileAppender.java:167)
	at org.apache.log4j.FileAppender.activateOptions(FileAppender.java:163)
	at org.apache.log4j.config.PropertySetter.activate(PropertySetter.java:256)
	at org.apache.log4j.config.PropertySetter.setProperties(PropertySetter.java:132)
	at org.apache.log4j.config.PropertySetter.setProperties(PropertySetter.java:96)
	at org.apache.log4j.PropertyConfigurator.parseAppender(PropertyConfigurator.java:654)
	at org.apache.log4j.PropertyConfigurator.parseCategory(PropertyConfigurator.java:612)
	at org.apache.log4j.PropertyConfigurator.parseCatsAndRenderers(PropertyConfigurator.java:533)
	at org.apache.log4j.PropertyConfigurator.doConfigure(PropertyConfigurator.java:417)
	at org.apache.log4j.PropertyConfigurator.doConfigure(PropertyConfigurator.java:441)
	at org.apache.log4j.helpers.OptionConverter.selectAndConfigure(OptionConverter.java:470)
	at org.apache.log4j.LogManager.<clinit>(LogManager.java:122)
	at org.apache.log4j.Logger.getLogger(Logger.java:104)
	at gov.nih.nci.system.applicationservice.ApplicationServiceProvider.<clinit>(ApplicationServiceProvider.java:18)
	at edu.wustl.catissuecore.bizlogic.test.CaTissueBaseTestCase.setUp(Unknown Source)
	at junit.framework.TestCase.runBare(TestCase.java:128)
	at junit.framework.TestResult$1.protect(TestResult.java:110)
	at junit.framework.TestResult.runProtected(TestResult.java:128)
	at junit.framework.TestResult.run(TestResult.java:113)
	at junit.framework.TestCase.run(TestCase.java:120)
	at junit.framework.TestSuite.runTest(TestSuite.java:228)
	at junit.framework.TestSuite.run(TestSuite.java:223)
	at junit.framework.TestSuite.runTest(TestSuite.java:228)
	at junit.framework.TestSuite.run(TestSuite.java:223)
	at org.apache.tools.ant.taskdefs.optional.junit.JUnitTestRunner.run(JUnitTestRunner.java:421)
	at org.apache.tools.ant.taskdefs.optional.junit.JUnitTestRunner.launch(JUnitTestRunner.java:912)
	at org.apache.tools.ant.taskdefs.optional.junit.JUnitTestRunner.main(JUnitTestRunner.java:766)
]]></system-err>
</testsuite>
